
2017-04-03 00:01:31 [SUCCESS] - Config has been updated on : ebaseloader
2017-04-03 00:03:15 [SUCCESS] - TEST FOR WRITE LOGS
2017-04-03 00:03:16 [DANGER] - SQL query failed : CREATE DATABASE abc | Can't create database 'abc'; database exists
2017-04-03 00:03:16 [DANGER] - Could not return create Database :abc
2017-04-03 00:03:16 [SUCCESS] - Database Created : a123
2017-04-03 00:03:16 [SUCCESS] - Database Deleted : a123
2017-04-03 00:32:31 [DANGER] - Please Select a Database
2017-04-03 00:33:41 [SUCCESS] - Config has been updated on : ebase
2017-04-03 00:33:49 [SUCCESS] - Config has been updated on : ebaseloader
2017-04-03 00:34:10 [DEBUG] - demo01~C:/webserver/htdocs/demo01/ebase/cache~clear_cache
2017-04-03 00:34:10 [DANGER] - Could not open dir : C:/webserver/htdocs/demo01/ebase/cache
2017-04-03 00:34:10 [SUCCESS] - Directory has been cleared : C:/webserver/htdocs/demo01/ebase/cache
2017-04-03 00:38:23 [DANGER] - Could not open dir : C:/webserver/htdocs/demo01/ebase/cache
2017-04-03 00:38:23 [SUCCESS] - Directory has been cleared : C:/webserver/htdocs/demo01/ebase/cache
2017-04-03 00:41:10 [DANGER] - Could not open dir : C:/webserver/htdocs/demo01/ebase/cache
2017-04-03 00:41:48 [DANGER] - Could not open dir : C:/webserver/htdocs/demo01/ebase/cache
2017-04-03 00:42:14 [DANGER] - Could not open dir : C:/webserver/htdocs/demo01/ebase/cache
2017-04-03 00:42:26 [DANGER] - Could not open dir : C:/webserver/htdocs/ebase/ebase/cache
2017-04-03 00:43:22 [DANGER] - Could not open dir : C:/webserver/htdocs/ebase/ebase/cache
2017-04-03 00:43:32 [DANGER] - Could not open dir : C:/webserver/htdocs/demo01/ebase/cache
2017-04-03 00:45:35 [DANGER] - Could not open dir : C:/webserver/htdocs/demo01/ebase/cache
2017-04-03 00:48:16 [DANGER] - Could not open dir : C:/webserver/htdocs/demo01/cache
2017-04-03 00:48:16 [SUCCESS] - Directory has been cleared : C:/webserver/htdocs/demo01/cache
2017-04-03 00:53:15 [SUCCESS] - Directory has been cleared : C:/webserver/htdocs/demo01/cache
2017-04-03 00:54:04 [DANGER] - File or Directory does not exist : C:/webserver/htdocs/demo01/logs/ebase.log
2017-04-03 00:55:18 [SUCCESS] - File has been cleared : C:/webserver/htdocs/demo01/logs/ebase.log
2017-04-03 00:55:52 [DANGER] - File has NOT been cleared : C:/webserver/htdocs/demo01/logs/ebase.log